2015-09-20 02:41:10,798 - Log4JLogChute initialized using file 'velocity.log'
2015-09-20 02:41:10,798 - Initializing Velocity, Calling init()...
2015-09-20 02:41:10,798 - Starting Apache Velocity v1.7 (compiled: 2010-11-19 12:14:37)
2015-09-20 02:41:10,798 - Default Properties File: org/apache/velocity/runtime/defaults/velocity.properties
2015-09-20 02:41:10,798 - Trying to use logger class org.apache.velocity.runtime.log.AvalonLogChute
2015-09-20 02:41:10,798 - Target log system for org.apache.velocity.runtime.log.AvalonLogChute is not available (java.lang.NoClassDefFoundError: org/apache/log/format/Formatter).  Falling back to next log system...
2015-09-20 02:41:10,798 - Trying to use logger class org.apache.velocity.runtime.log.Log4JLogChute
2015-09-20 02:41:10,798 - Using logger class org.apache.velocity.runtime.log.Log4JLogChute
2015-09-20 02:41:10,803 - ResourceLoader instantiated: org.apache.velocity.runtime.resource.loader.FileResourceLoader
2015-09-20 02:41:10,804 - Do unicode file recognition:  false
2015-09-20 02:41:10,804 - FileResourceLoader : adding path '.'
2015-09-20 02:41:10,813 - ResourceCache: initialized (class org.apache.velocity.runtime.resource.ResourceCacheImpl) with class java.util.Collections$SynchronizedMap cache map.
2015-09-20 02:41:10,814 - Loaded System Directive: org.apache.velocity.runtime.directive.Stop
2015-09-20 02:41:10,815 - Loaded System Directive: org.apache.velocity.runtime.directive.Define
2015-09-20 02:41:10,816 - Loaded System Directive: org.apache.velocity.runtime.directive.Break
2015-09-20 02:41:10,816 - Loaded System Directive: org.apache.velocity.runtime.directive.Evaluate
2015-09-20 02:41:10,817 - Loaded System Directive: org.apache.velocity.runtime.directive.Literal
2015-09-20 02:41:10,818 - Loaded System Directive: org.apache.velocity.runtime.directive.Macro
2015-09-20 02:41:10,819 - Loaded System Directive: org.apache.velocity.runtime.directive.Parse
2015-09-20 02:41:10,820 - Loaded System Directive: org.apache.velocity.runtime.directive.Include
2015-09-20 02:41:10,822 - Loaded System Directive: org.apache.velocity.runtime.directive.Foreach
2015-09-20 02:41:10,849 - Created '20' parsers.
2015-09-20 02:41:10,855 - Velocimacro : "velocimacro.library" is not set.  Trying default library: VM_global_library.vm
2015-09-20 02:41:10,855 - Velocimacro : Default library not found.
2015-09-20 02:41:10,855 - Velocimacro : allowInline = true : VMs can be defined inline in templates
2015-09-20 02:41:10,855 - Velocimacro : allowInlineToOverride = false : VMs defined inline may NOT replace previous VM definitions
2015-09-20 02:41:10,855 - Velocimacro : allowInlineLocal = false : VMs defined inline will be global in scope if allowed.
2015-09-20 02:41:10,856 - Velocimacro : autoload off : VM system will not automatically reload global library macros
2015-09-20 02:41:11,023 - Null reference [template 'build system_user_manage_update_windows.js', line 1, column 10] : ${javaScript.packages} cannot be resolved.
2015-09-20 02:41:11,023 - Null reference [template 'build system_user_manage_update_windows.js', line 114, column 13] : ${javaScript.packages} cannot be resolved.
2015-09-20 02:41:11,023 - Null reference [template 'build system_user_manage_update_windows.js', line 114, column 56] : ${javaScript.packages} cannot be resolved.
2015-09-20 02:41:11,023 - Null reference [template 'build system_user_manage_update_windows.js', line 114, column 110] : ${javaScript.packages} cannot be resolved.
2015-09-20 02:41:11,023 - Null reference [template 'build system_user_manage_update_windows.js', line 116, column 17] : ${javaScript.packages} cannot be resolved.
